{"/Users/zrendy/HackReactor/Atelier/atelier/src/components/ratings-reviews/RatingsAndReviews.js": {"path":"/Users/zrendy/HackReactor/Atelier/atelier/src/components/ratings-reviews/RatingsAndReviews.js","statementMap":{"0":{"start":{"line":9,"column":36},"end":{"line":9,"column":50}},"1":{"start":{"line":12,"column":30},"end":{"line":12,"column":45}},"2":{"start":{"line":13,"column":17},"end":{"line":15,"column":3}},"3":{"start":{"line":14,"column":4},"end":{"line":14,"column":28}},"4":{"start":{"line":14,"column":21},"end":{"line":14,"column":26}},"5":{"start":{"line":17,"column":32},"end":{"line":17,"column":46}},"6":{"start":{"line":19,"column":2},"end":{"line":52,"column":14}},"7":{"start":{"line":20,"column":19},"end":{"line":29,"column":5}},"8":{"start":{"line":30,"column":4},"end":{"line":36,"column":6}},"9":{"start":{"line":32,"column":6},"end":{"line":32,"column":38}},"10":{"start":{"line":35,"column":6},"end":{"line":35,"column":23}},"11":{"start":{"line":37,"column":19},"end":{"line":43,"column":5}},"12":{"start":{"line":44,"column":4},"end":{"line":51,"column":6}},"13":{"start":{"line":47,"column":6},"end":{"line":47,"column":31}},"14":{"start":{"line":50,"column":6},"end":{"line":50,"column":23}},"15":{"start":{"line":55,"column":38},"end":{"line":55,"column":52}},"16":{"start":{"line":56,"column":22},"end":{"line":61,"column":3}},"17":{"start":{"line":57,"column":4},"end":{"line":60,"column":6}},"18":{"start":{"line":59,"column":6},"end":{"line":59,"column":31}},"19":{"start":{"line":59,"column":24},"end":{"line":59,"column":29}},"20":{"start":{"line":63,"column":2},"end":{"line":68,"column":3}}},"fnMap":{"0":{"name":"RatingsAndReviews","decl":{"start":{"line":7,"column":24},"end":{"line":7,"column":41}},"loc":{"start":{"line":7,"column":70},"end":{"line":69,"column":1}},"line":7},"1":{"name":"(anonymous_1)","decl":{"start":{"line":13,"column":17},"end":{"line":13,"column":18}},"loc":{"start":{"line":13,"column":23},"end":{"line":15,"column":3}},"line":13},"2":{"name":"(anonymous_2)","decl":{"start":{"line":14,"column":14},"end":{"line":14,"column":15}},"loc":{"start":{"line":14,"column":21},"end":{"line":14,"column":26}},"line":14},"3":{"name":"(anonymous_3)","decl":{"start":{"line":19,"column":12},"end":{"line":19,"column":13}},"loc":{"start":{"line":19,"column":17},"end":{"line":52,"column":3}},"line":19},"4":{"name":"(anonymous_4)","decl":{"start":{"line":31,"column":10},"end":{"line":31,"column":11}},"loc":{"start":{"line":31,"column":20},"end":{"line":33,"column":5}},"line":31},"5":{"name":"(anonymous_5)","decl":{"start":{"line":34,"column":11},"end":{"line":34,"column":12}},"loc":{"start":{"line":34,"column":18},"end":{"line":36,"column":5}},"line":34},"6":{"name":"(anonymous_6)","decl":{"start":{"line":45,"column":10},"end":{"line":45,"column":11}},"loc":{"start":{"line":45,"column":20},"end":{"line":48,"column":5}},"line":45},"7":{"name":"(anonymous_7)","decl":{"start":{"line":49,"column":11},"end":{"line":49,"column":12}},"loc":{"start":{"line":49,"column":18},"end":{"line":51,"column":5}},"line":49},"8":{"name":"(anonymous_8)","decl":{"start":{"line":56,"column":22},"end":{"line":56,"column":23}},"loc":{"start":{"line":56,"column":30},"end":{"line":61,"column":3}},"line":56},"9":{"name":"(anonymous_9)","decl":{"start":{"line":58,"column":10},"end":{"line":58,"column":11}},"loc":{"start":{"line":58,"column":20},"end":{"line":60,"column":5}},"line":58},"10":{"name":"(anonymous_10)","decl":{"start":{"line":59,"column":16},"end":{"line":59,"column":17}},"loc":{"start":{"line":59,"column":24},"end":{"line":59,"column":29}},"line":59}},"branchMap":{"0":{"loc":{"start":{"line":65,"column":7},"end":{"line":65,"column":52}},"type":"binary-expr","locations":[{"start":{"line":65,"column":7},"end":{"line":65,"column":16}},{"start":{"line":65,"column":20},"end":{"line":65,"column":52}}],"line":65},"1":{"loc":{"start":{"line":66,"column":7},"end":{"line":66,"column":156}},"type":"binary-expr","locations":[{"start":{"line":66,"column":7},"end":{"line":66,"column":16}},{"start":{"line":66,"column":20},"end":{"line":66,"column":27}},{"start":{"line":66,"column":31},"end":{"line":66,"column":156}}],"line":66}},"s":{"0":2,"1":2,"2":2,"3":0,"4":0,"5":2,"6":2,"7":1,"8":1,"9":1,"10":0,"11":1,"12":1,"13":1,"14":0,"15":2,"16":2,"17":0,"18":0,"19":0,"20":2},"f":{"0":2,"1":0,"2":0,"3":1,"4":1,"5":0,"6":1,"7":0,"8":0,"9":0,"10":0},"b":{"0":[2,0],"1":[2,0,0]},"_coverageSchema":"1a1c01bbd47fc00a2c39e90264f33305004495a9","hash":"cc8231f253795e296c6e44f5436a0087792d2354"}
,"/Users/zrendy/HackReactor/Atelier/atelier/src/components/ratings-reviews/reviewsTestData.js": {"path":"/Users/zrendy/HackReactor/Atelier/atelier/src/components/ratings-reviews/reviewsTestData.js","statementMap":{"0":{"start":{"line":1,"column":21},"end":{"line":77,"column":1}},"1":{"start":{"line":79,"column":23},"end":{"line":110,"column":1}}},"fnMap":{},"branchMap":{},"s":{"0":4,"1":4},"f":{},"b":{},"_coverageSchema":"1a1c01bbd47fc00a2c39e90264f33305004495a9","hash":"8ee637f3d06dee7043880fcb5ba2862cf797beb3"}
,"/Users/zrendy/HackReactor/Atelier/atelier/src/components/ratings-reviews/components/Ratings.js": {"path":"/Users/zrendy/HackReactor/Atelier/atelier/src/components/ratings-reviews/components/Ratings.js","statementMap":{"0":{"start":{"line":7,"column":26},"end":{"line":7,"column":27}},"1":{"start":{"line":8,"column":14},"end":{"line":8,"column":15}},"2":{"start":{"line":9,"column":2},"end":{"line":14,"column":3}},"3":{"start":{"line":10,"column":14},"end":{"line":10,"column":27}},"4":{"start":{"line":11,"column":16},"end":{"line":11,"column":48}},"5":{"start":{"line":12,"column":4},"end":{"line":12,"column":29}},"6":{"start":{"line":13,"column":4},"end":{"line":13,"column":22}},"7":{"start":{"line":16,"column":22},"end":{"line":16,"column":84}},"8":{"start":{"line":21,"column":20},"end":{"line":21,"column":60}},"9":{"start":{"line":22,"column":22},"end":{"line":22,"column":64}},"10":{"start":{"line":23,"column":20},"end":{"line":23,"column":162}},"11":{"start":{"line":26,"column":2},"end":{"line":62,"column":3}},"12":{"start":{"line":39,"column":8},"end":{"line":45,"column":13}},"13":{"start":{"line":51,"column":8},"end":{"line":58,"column":15}}},"fnMap":{"0":{"name":"Ratings","decl":{"start":{"line":4,"column":24},"end":{"line":4,"column":31}},"loc":{"start":{"line":4,"column":46},"end":{"line":63,"column":1}},"line":4},"1":{"name":"(anonymous_1)","decl":{"start":{"line":38,"column":23},"end":{"line":38,"column":24}},"loc":{"start":{"line":38,"column":35},"end":{"line":46,"column":7}},"line":38},"2":{"name":"(anonymous_2)","decl":{"start":{"line":50,"column":50},"end":{"line":50,"column":51}},"loc":{"start":{"line":50,"column":62},"end":{"line":59,"column":7}},"line":50}},"branchMap":{},"s":{"0":2,"1":2,"2":2,"3":10,"4":10,"5":10,"6":10,"7":2,"8":2,"9":2,"10":2,"11":2,"12":10,"13":8},"f":{"0":2,"1":10,"2":8},"b":{},"_coverageSchema":"1a1c01bbd47fc00a2c39e90264f33305004495a9","hash":"dfc43b211c94cc94c9afbe14e9380b73ee8e0c41"}
,"/Users/zrendy/HackReactor/Atelier/atelier/src/components/ratings-reviews/components/Review.js": {"path":"/Users/zrendy/HackReactor/Atelier/atelier/src/components/ratings-reviews/components/Review.js","statementMap":{"0":{"start":{"line":6,"column":13},"end":{"line":6,"column":59}},"1":{"start":{"line":9,"column":32},"end":{"line":9,"column":48}},"2":{"start":{"line":10,"column":28},"end":{"line":10,"column":42}},"3":{"start":{"line":12,"column":22},"end":{"line":15,"column":3}},"4":{"start":{"line":13,"column":4},"end":{"line":13,"column":24}},"5":{"start":{"line":14,"column":4},"end":{"line":14,"column":43}},"6":{"start":{"line":16,"column":23},"end":{"line":18,"column":3}},"7":{"start":{"line":17,"column":4},"end":{"line":17,"column":23}},"8":{"start":{"line":22,"column":2},"end":{"line":50,"column":3}},"9":{"start":{"line":33,"column":8},"end":{"line":33,"column":95}},"10":{"start":{"line":33,"column":70},"end":{"line":33,"column":86}},"11":{"start":{"line":44,"column":8},"end":{"line":44,"column":39}}},"fnMap":{"0":{"name":"Review","decl":{"start":{"line":5,"column":24},"end":{"line":5,"column":30}},"loc":{"start":{"line":5,"column":57},"end":{"line":51,"column":1}},"line":5},"1":{"name":"(anonymous_1)","decl":{"start":{"line":12,"column":22},"end":{"line":12,"column":23}},"loc":{"start":{"line":12,"column":28},"end":{"line":15,"column":3}},"line":12},"2":{"name":"(anonymous_2)","decl":{"start":{"line":16,"column":23},"end":{"line":16,"column":24}},"loc":{"start":{"line":16,"column":29},"end":{"line":18,"column":3}},"line":16},"3":{"name":"(anonymous_3)","decl":{"start":{"line":32,"column":25},"end":{"line":32,"column":26}},"loc":{"start":{"line":32,"column":33},"end":{"line":34,"column":7}},"line":32},"4":{"name":"(anonymous_4)","decl":{"start":{"line":33,"column":65},"end":{"line":33,"column":66}},"loc":{"start":{"line":33,"column":70},"end":{"line":33,"column":86}},"line":33},"5":{"name":"(anonymous_5)","decl":{"start":{"line":43,"column":48},"end":{"line":43,"column":49}},"loc":{"start":{"line":43,"column":59},"end":{"line":44,"column":40}},"line":43}},"branchMap":{"0":{"loc":{"start":{"line":47,"column":7},"end":{"line":47,"column":96}},"type":"cond-expr","locations":[{"start":{"line":47,"column":27},"end":{"line":47,"column":89}},{"start":{"line":47,"column":92},"end":{"line":47,"column":96}}],"line":47}},"s":{"0":2,"1":2,"2":2,"3":2,"4":0,"5":0,"6":2,"7":0,"8":2,"9":0,"10":0,"11":0},"f":{"0":2,"1":0,"2":0,"3":0,"4":0,"5":0},"b":{"0":[1,1]},"_coverageSchema":"1a1c01bbd47fc00a2c39e90264f33305004495a9","hash":"7fd1b0d404eb29000fdff56f1f80d6dd76227aca"}
,"/Users/zrendy/HackReactor/Atelier/atelier/src/components/ratings-reviews/components/ReviewsList.js": {"path":"/Users/zrendy/HackReactor/Atelier/atelier/src/components/ratings-reviews/components/ReviewsList.js","statementMap":{"0":{"start":{"line":8,"column":38},"end":{"line":8,"column":49}},"1":{"start":{"line":10,"column":2},"end":{"line":12,"column":3}},"2":{"start":{"line":11,"column":4},"end":{"line":11,"column":34}},"3":{"start":{"line":13,"column":20},"end":{"line":21,"column":3}},"4":{"start":{"line":15,"column":4},"end":{"line":15,"column":23}},"5":{"start":{"line":16,"column":4},"end":{"line":20,"column":5}},"6":{"start":{"line":17,"column":6},"end":{"line":17,"column":38}},"7":{"start":{"line":17,"column":28},"end":{"line":17,"column":36}},"8":{"start":{"line":19,"column":6},"end":{"line":19,"column":36}},"9":{"start":{"line":24,"column":36},"end":{"line":24,"column":52}},"10":{"start":{"line":25,"column":24},"end":{"line":27,"column":3}},"11":{"start":{"line":26,"column":4},"end":{"line":26,"column":26}},"12":{"start":{"line":28,"column":25},"end":{"line":30,"column":3}},"13":{"start":{"line":29,"column":4},"end":{"line":29,"column":25}},"14":{"start":{"line":32,"column":44},"end":{"line":32,"column":58}},"15":{"start":{"line":33,"column":2},"end":{"line":42,"column":15}},"16":{"start":{"line":34,"column":26},"end":{"line":40,"column":8}},"17":{"start":{"line":35,"column":16},"end":{"line":35,"column":32}},"18":{"start":{"line":36,"column":16},"end":{"line":36,"column":32}},"19":{"start":{"line":37,"column":6},"end":{"line":37,"column":25}},"20":{"start":{"line":39,"column":6},"end":{"line":39,"column":42}},"21":{"start":{"line":41,"column":4},"end":{"line":41,"column":38}},"22":{"start":{"line":45,"column":21},"end":{"line":72,"column":3}},"23":{"start":{"line":46,"column":4},"end":{"line":71,"column":5}},"24":{"start":{"line":48,"column":8},"end":{"line":51,"column":14}},"25":{"start":{"line":49,"column":10},"end":{"line":51,"column":13}},"26":{"start":{"line":50,"column":10},"end":{"line":50,"column":46}},"27":{"start":{"line":52,"column":8},"end":{"line":52,"column":14}},"28":{"start":{"line":54,"column":8},"end":{"line":59,"column":12}},"29":{"start":{"line":55,"column":10},"end":{"line":59,"column":11}},"30":{"start":{"line":56,"column":20},"end":{"line":56,"column":36}},"31":{"start":{"line":57,"column":20},"end":{"line":57,"column":36}},"32":{"start":{"line":58,"column":10},"end":{"line":58,"column":29}},"33":{"start":{"line":60,"column":8},"end":{"line":60,"column":14}},"34":{"start":{"line":62,"column":8},"end":{"line":69,"column":17}},"35":{"start":{"line":63,"column":10},"end":{"line":69,"column":15}},"36":{"start":{"line":64,"column":22},"end":{"line":64,"column":38}},"37":{"start":{"line":65,"column":22},"end":{"line":65,"column":38}},"38":{"start":{"line":66,"column":12},"end":{"line":66,"column":31}},"39":{"start":{"line":68,"column":12},"end":{"line":68,"column":48}},"40":{"start":{"line":70,"column":10},"end":{"line":70,"column":16}},"41":{"start":{"line":74,"column":2},"end":{"line":102,"column":3}},"42":{"start":{"line":80,"column":14},"end":{"line":80,"column":29}},"43":{"start":{"line":89,"column":10},"end":{"line":89,"column":82}},"44":{"start":{"line":94,"column":63},"end":{"line":94,"column":78}}},"fnMap":{"0":{"name":"ReviewsList","decl":{"start":{"line":6,"column":24},"end":{"line":6,"column":35}},"loc":{"start":{"line":6,"column":97},"end":{"line":103,"column":1}},"line":6},"1":{"name":"(anonymous_1)","decl":{"start":{"line":13,"column":20},"end":{"line":13,"column":21}},"loc":{"start":{"line":13,"column":27},"end":{"line":21,"column":3}},"line":13},"2":{"name":"(anonymous_2)","decl":{"start":{"line":17,"column":20},"end":{"line":17,"column":21}},"loc":{"start":{"line":17,"column":28},"end":{"line":17,"column":36}},"line":17},"3":{"name":"(anonymous_3)","decl":{"start":{"line":25,"column":24},"end":{"line":25,"column":25}},"loc":{"start":{"line":25,"column":30},"end":{"line":27,"column":3}},"line":25},"4":{"name":"(anonymous_4)","decl":{"start":{"line":28,"column":25},"end":{"line":28,"column":26}},"loc":{"start":{"line":28,"column":30},"end":{"line":30,"column":3}},"line":28},"5":{"name":"(anonymous_5)","decl":{"start":{"line":33,"column":12},"end":{"line":33,"column":13}},"loc":{"start":{"line":33,"column":17},"end":{"line":42,"column":3}},"line":33},"6":{"name":"(anonymous_6)","decl":{"start":{"line":34,"column":39},"end":{"line":34,"column":40}},"loc":{"start":{"line":34,"column":49},"end":{"line":38,"column":5}},"line":34},"7":{"name":"(anonymous_7)","decl":{"start":{"line":38,"column":12},"end":{"line":38,"column":13}},"loc":{"start":{"line":38,"column":22},"end":{"line":40,"column":7}},"line":38},"8":{"name":"(anonymous_8)","decl":{"start":{"line":45,"column":21},"end":{"line":45,"column":22}},"loc":{"start":{"line":45,"column":28},"end":{"line":72,"column":3}},"line":45},"9":{"name":"(anonymous_9)","decl":{"start":{"line":48,"column":25},"end":{"line":48,"column":26}},"loc":{"start":{"line":49,"column":10},"end":{"line":51,"column":13}},"line":49},"10":{"name":"(anonymous_10)","decl":{"start":{"line":49,"column":24},"end":{"line":49,"column":25}},"loc":{"start":{"line":49,"column":34},"end":{"line":51,"column":11}},"line":49},"11":{"name":"(anonymous_11)","decl":{"start":{"line":54,"column":25},"end":{"line":54,"column":26}},"loc":{"start":{"line":55,"column":10},"end":{"line":59,"column":11}},"line":55},"12":{"name":"(anonymous_12)","decl":{"start":{"line":55,"column":24},"end":{"line":55,"column":25}},"loc":{"start":{"line":55,"column":34},"end":{"line":59,"column":9}},"line":55},"13":{"name":"(anonymous_13)","decl":{"start":{"line":62,"column":25},"end":{"line":62,"column":26}},"loc":{"start":{"line":63,"column":10},"end":{"line":69,"column":15}},"line":63},"14":{"name":"(anonymous_14)","decl":{"start":{"line":63,"column":24},"end":{"line":63,"column":25}},"loc":{"start":{"line":63,"column":34},"end":{"line":67,"column":11}},"line":63},"15":{"name":"(anonymous_15)","decl":{"start":{"line":67,"column":18},"end":{"line":67,"column":19}},"loc":{"start":{"line":67,"column":28},"end":{"line":69,"column":13}},"line":67},"16":{"name":"(anonymous_16)","decl":{"start":{"line":79,"column":30},"end":{"line":79,"column":31}},"loc":{"start":{"line":79,"column":42},"end":{"line":81,"column":13}},"line":79},"17":{"name":"(anonymous_17)","decl":{"start":{"line":88,"column":65},"end":{"line":88,"column":66}},"loc":{"start":{"line":88,"column":80},"end":{"line":90,"column":9}},"line":88},"18":{"name":"(anonymous_18)","decl":{"start":{"line":94,"column":51},"end":{"line":94,"column":52}},"loc":{"start":{"line":94,"column":62},"end":{"line":95,"column":9}},"line":94}},"branchMap":{"0":{"loc":{"start":{"line":10,"column":2},"end":{"line":12,"column":3}},"type":"if","locations":[{"start":{"line":10,"column":2},"end":{"line":12,"column":3}},{"start":{},"end":{}}],"line":10},"1":{"loc":{"start":{"line":16,"column":4},"end":{"line":20,"column":5}},"type":"if","locations":[{"start":{"line":16,"column":4},"end":{"line":20,"column":5}},{"start":{"line":18,"column":11},"end":{"line":20,"column":5}}],"line":16},"2":{"loc":{"start":{"line":46,"column":4},"end":{"line":71,"column":5}},"type":"switch","locations":[{"start":{"line":47,"column":6},"end":{"line":52,"column":14}},{"start":{"line":53,"column":6},"end":{"line":60,"column":14}},{"start":{"line":61,"column":6},"end":{"line":70,"column":16}}],"line":46},"3":{"loc":{"start":{"line":88,"column":9},"end":{"line":90,"column":10}},"type":"binary-expr","locations":[{"start":{"line":88,"column":9},"end":{"line":88,"column":22}},{"start":{"line":88,"column":26},"end":{"line":90,"column":10}}],"line":88},"4":{"loc":{"start":{"line":93,"column":7},"end":{"line":95,"column":40}},"type":"cond-expr","locations":[{"start":{"line":94,"column":9},"end":{"line":95,"column":32}},{"start":{"line":95,"column":36},"end":{"line":95,"column":40}}],"line":93},"5":{"loc":{"start":{"line":93,"column":7},"end":{"line":93,"column":48}},"type":"binary-expr","locations":[{"start":{"line":93,"column":7},"end":{"line":93,"column":20}},{"start":{"line":93,"column":24},"end":{"line":93,"column":48}}],"line":93}},"s":{"0":3,"1":3,"2":0,"3":3,"4":0,"5":0,"6":0,"7":0,"8":0,"9":3,"10":3,"11":0,"12":3,"13":0,"14":3,"15":3,"16":1,"17":4,"18":4,"19":4,"20":9,"21":1,"22":3,"23":0,"24":0,"25":0,"26":0,"27":0,"28":0,"29":0,"30":0,"31":0,"32":0,"33":0,"34":0,"35":0,"36":0,"37":0,"38":0,"39":0,"40":0,"41":3,"42":0,"43":2,"44":0},"f":{"0":3,"1":0,"2":0,"3":0,"4":0,"5":1,"6":4,"7":9,"8":0,"9":0,"10":0,"11":0,"12":0,"13":0,"14":0,"15":0,"16":0,"17":2,"18":0},"b":{"0":[0,3],"1":[0,0],"2":[0,0,0],"3":[3,1],"4":[1,2],"5":[3,1]},"_coverageSchema":"1a1c01bbd47fc00a2c39e90264f33305004495a9","hash":"fba18a6402429470d7dfd47bfb2a7d0c206b4255"}
,"/Users/zrendy/HackReactor/Atelier/atelier/src/components/ratings-reviews/components/WriteReview.js": {"path":"/Users/zrendy/HackReactor/Atelier/atelier/src/components/ratings-reviews/components/WriteReview.js","statementMap":{"0":{"start":{"line":9,"column":19},"end":{"line":9,"column":49}},"1":{"start":{"line":11,"column":30},"end":{"line":11,"column":42}},"2":{"start":{"line":13,"column":22},"end":{"line":28,"column":3}},"3":{"start":{"line":14,"column":26},"end":{"line":18,"column":5}},"4":{"start":{"line":20,"column":4},"end":{"line":27,"column":6}},"5":{"start":{"line":21,"column":6},"end":{"line":26,"column":7}},"6":{"start":{"line":22,"column":8},"end":{"line":24,"column":9}},"7":{"start":{"line":23,"column":10},"end":{"line":23,"column":110}},"8":{"start":{"line":30,"column":2},"end":{"line":32,"column":8}},"9":{"start":{"line":31,"column":4},"end":{"line":31,"column":36}},"10":{"start":{"line":36,"column":30},"end":{"line":36,"column":44}},"11":{"start":{"line":37,"column":25},"end":{"line":37,"column":37}},"12":{"start":{"line":38,"column":31},"end":{"line":38,"column":43}},"13":{"start":{"line":39,"column":36},"end":{"line":39,"column":50}},"14":{"start":{"line":40,"column":26},"end":{"line":40,"column":38}},"15":{"start":{"line":41,"column":28},"end":{"line":41,"column":40}},"16":{"start":{"line":42,"column":26},"end":{"line":42,"column":37}},"17":{"start":{"line":43,"column":32},"end":{"line":43,"column":43}},"18":{"start":{"line":44,"column":28},"end":{"line":44,"column":39}},"19":{"start":{"line":45,"column":32},"end":{"line":45,"column":43}},"20":{"start":{"line":46,"column":24},"end":{"line":46,"column":35}},"21":{"start":{"line":48,"column":23},"end":{"line":54,"column":3}},"22":{"start":{"line":49,"column":4},"end":{"line":53,"column":5}},"23":{"start":{"line":50,"column":6},"end":{"line":50,"column":25}},"24":{"start":{"line":52,"column":6},"end":{"line":52,"column":26}},"25":{"start":{"line":56,"column":21},"end":{"line":59,"column":3}},"26":{"start":{"line":57,"column":4},"end":{"line":57,"column":31}},"27":{"start":{"line":58,"column":4},"end":{"line":58,"column":40}},"28":{"start":{"line":61,"column":24},"end":{"line":61,"column":62}},"29":{"start":{"line":64,"column":21},"end":{"line":107,"column":3}},"30":{"start":{"line":65,"column":14},"end":{"line":65,"column":16}},"31":{"start":{"line":66,"column":4},"end":{"line":88,"column":5}},"32":{"start":{"line":67,"column":15},"end":{"line":67,"column":62}},"33":{"start":{"line":68,"column":6},"end":{"line":68,"column":51}},"34":{"start":{"line":69,"column":6},"end":{"line":87,"column":7}},"35":{"start":{"line":71,"column":10},"end":{"line":71,"column":23}},"36":{"start":{"line":72,"column":10},"end":{"line":72,"column":16}},"37":{"start":{"line":74,"column":10},"end":{"line":74,"column":26}},"38":{"start":{"line":75,"column":10},"end":{"line":75,"column":16}},"39":{"start":{"line":77,"column":10},"end":{"line":77,"column":24}},"40":{"start":{"line":78,"column":10},"end":{"line":78,"column":16}},"41":{"start":{"line":80,"column":10},"end":{"line":80,"column":26}},"42":{"start":{"line":81,"column":10},"end":{"line":81,"column":16}},"43":{"start":{"line":83,"column":10},"end":{"line":83,"column":22}},"44":{"start":{"line":84,"column":10},"end":{"line":84,"column":16}},"45":{"start":{"line":86,"column":10},"end":{"line":86,"column":16}},"46":{"start":{"line":89,"column":15},"end":{"line":99,"column":5}},"47":{"start":{"line":100,"column":4},"end":{"line":100,"column":23}},"48":{"start":{"line":101,"column":4},"end":{"line":105,"column":6}},"49":{"start":{"line":103,"column":6},"end":{"line":103,"column":25}},"50":{"start":{"line":104,"column":6},"end":{"line":104,"column":17}},"51":{"start":{"line":109,"column":2},"end":{"line":300,"column":23}},"52":{"start":{"line":148,"column":10},"end":{"line":148,"column":29}},"53":{"start":{"line":149,"column":10},"end":{"line":149,"column":37}},"54":{"start":{"line":157,"column":10},"end":{"line":157,"column":29}},"55":{"start":{"line":158,"column":10},"end":{"line":158,"column":34}},"56":{"start":{"line":164,"column":25},"end":{"line":169,"column":14}},"57":{"start":{"line":171,"column":12},"end":{"line":171,"column":31}},"58":{"start":{"line":172,"column":12},"end":{"line":172,"column":26}},"59":{"start":{"line":180,"column":12},"end":{"line":277,"column":13}},"60":{"start":{"line":182,"column":16},"end":{"line":199,"column":22}},"61":{"start":{"line":185,"column":20},"end":{"line":185,"column":54}},"62":{"start":{"line":200,"column":16},"end":{"line":200,"column":22}},"63":{"start":{"line":202,"column":18},"end":{"line":218,"column":24}},"64":{"start":{"line":205,"column":22},"end":{"line":205,"column":57}},"65":{"start":{"line":219,"column":18},"end":{"line":219,"column":24}},"66":{"start":{"line":221,"column":20},"end":{"line":237,"column":26}},"67":{"start":{"line":224,"column":24},"end":{"line":224,"column":61}},"68":{"start":{"line":239,"column":22},"end":{"line":255,"column":28}},"69":{"start":{"line":242,"column":26},"end":{"line":242,"column":63}},"70":{"start":{"line":256,"column":22},"end":{"line":256,"column":28}},"71":{"start":{"line":258,"column":22},"end":{"line":273,"column":28}},"72":{"start":{"line":261,"column":26},"end":{"line":261,"column":59}},"73":{"start":{"line":274,"column":22},"end":{"line":274,"column":28}},"74":{"start":{"line":276,"column":24},"end":{"line":276,"column":30}},"75":{"start":{"line":284,"column":10},"end":{"line":284,"column":29}},"76":{"start":{"line":285,"column":10},"end":{"line":285,"column":34}},"77":{"start":{"line":291,"column":10},"end":{"line":291,"column":29}},"78":{"start":{"line":292,"column":10},"end":{"line":292,"column":35}}},"fnMap":{"0":{"name":"WriteReview","decl":{"start":{"line":7,"column":24},"end":{"line":7,"column":35}},"loc":{"start":{"line":7,"column":102},"end":{"line":301,"column":1}},"line":7},"1":{"name":"(anonymous_1)","decl":{"start":{"line":13,"column":22},"end":{"line":13,"column":23}},"loc":{"start":{"line":13,"column":29},"end":{"line":28,"column":3}},"line":13},"2":{"name":"(anonymous_2)","decl":{"start":{"line":20,"column":36},"end":{"line":20,"column":37}},"loc":{"start":{"line":20,"column":55},"end":{"line":27,"column":5}},"line":20},"3":{"name":"(anonymous_3)","decl":{"start":{"line":30,"column":13},"end":{"line":30,"column":14}},"loc":{"start":{"line":30,"column":19},"end":{"line":32,"column":3}},"line":30},"4":{"name":"(anonymous_4)","decl":{"start":{"line":48,"column":23},"end":{"line":48,"column":24}},"loc":{"start":{"line":48,"column":28},"end":{"line":54,"column":3}},"line":48},"5":{"name":"(anonymous_5)","decl":{"start":{"line":56,"column":21},"end":{"line":56,"column":22}},"loc":{"start":{"line":56,"column":28},"end":{"line":59,"column":3}},"line":56},"6":{"name":"(anonymous_6)","decl":{"start":{"line":64,"column":21},"end":{"line":64,"column":22}},"loc":{"start":{"line":64,"column":28},"end":{"line":107,"column":3}},"line":64},"7":{"name":"(anonymous_7)","decl":{"start":{"line":102,"column":10},"end":{"line":102,"column":11}},"loc":{"start":{"line":102,"column":20},"end":{"line":105,"column":5}},"line":102},"8":{"name":"(anonymous_8)","decl":{"start":{"line":147,"column":28},"end":{"line":147,"column":29}},"loc":{"start":{"line":147,"column":34},"end":{"line":150,"column":9}},"line":147},"9":{"name":"(anonymous_9)","decl":{"start":{"line":156,"column":28},"end":{"line":156,"column":29}},"loc":{"start":{"line":156,"column":34},"end":{"line":159,"column":9}},"line":156},"10":{"name":"(anonymous_10)","decl":{"start":{"line":164,"column":20},"end":{"line":164,"column":21}},"loc":{"start":{"line":164,"column":25},"end":{"line":169,"column":14}},"line":164},"11":{"name":"(anonymous_11)","decl":{"start":{"line":170,"column":27},"end":{"line":170,"column":28}},"loc":{"start":{"line":170,"column":39},"end":{"line":173,"column":11}},"line":170},"12":{"name":"(anonymous_12)","decl":{"start":{"line":179,"column":31},"end":{"line":179,"column":32}},"loc":{"start":{"line":179,"column":53},"end":{"line":278,"column":12}},"line":179},"13":{"name":"(anonymous_13)","decl":{"start":{"line":184,"column":33},"end":{"line":184,"column":34}},"loc":{"start":{"line":184,"column":38},"end":{"line":186,"column":19}},"line":184},"14":{"name":"(anonymous_14)","decl":{"start":{"line":204,"column":35},"end":{"line":204,"column":36}},"loc":{"start":{"line":204,"column":41},"end":{"line":206,"column":21}},"line":204},"15":{"name":"(anonymous_15)","decl":{"start":{"line":223,"column":37},"end":{"line":223,"column":38}},"loc":{"start":{"line":223,"column":42},"end":{"line":225,"column":23}},"line":223},"16":{"name":"(anonymous_16)","decl":{"start":{"line":241,"column":39},"end":{"line":241,"column":40}},"loc":{"start":{"line":241,"column":43},"end":{"line":243,"column":25}},"line":241},"17":{"name":"(anonymous_17)","decl":{"start":{"line":260,"column":39},"end":{"line":260,"column":40}},"loc":{"start":{"line":260,"column":43},"end":{"line":262,"column":25}},"line":260},"18":{"name":"(anonymous_18)","decl":{"start":{"line":283,"column":37},"end":{"line":283,"column":38}},"loc":{"start":{"line":283,"column":42},"end":{"line":286,"column":11}},"line":283},"19":{"name":"(anonymous_19)","decl":{"start":{"line":290,"column":37},"end":{"line":290,"column":38}},"loc":{"start":{"line":290,"column":43},"end":{"line":293,"column":9}},"line":290}},"branchMap":{"0":{"loc":{"start":{"line":21,"column":6},"end":{"line":26,"column":7}},"type":"if","locations":[{"start":{"line":21,"column":6},"end":{"line":26,"column":7}},{"start":{"line":25,"column":13},"end":{"line":26,"column":7}}],"line":21},"1":{"loc":{"start":{"line":22,"column":8},"end":{"line":24,"column":9}},"type":"if","locations":[{"start":{"line":22,"column":8},"end":{"line":24,"column":9}},{"start":{},"end":{}}],"line":22},"2":{"loc":{"start":{"line":49,"column":4},"end":{"line":53,"column":5}},"type":"if","locations":[{"start":{"line":49,"column":4},"end":{"line":53,"column":5}},{"start":{"line":51,"column":10},"end":{"line":53,"column":5}}],"line":49},"3":{"loc":{"start":{"line":69,"column":6},"end":{"line":87,"column":7}},"type":"switch","locations":[{"start":{"line":70,"column":8},"end":{"line":72,"column":16}},{"start":{"line":73,"column":8},"end":{"line":75,"column":16}},{"start":{"line":76,"column":8},"end":{"line":78,"column":16}},{"start":{"line":79,"column":8},"end":{"line":81,"column":16}},{"start":{"line":82,"column":8},"end":{"line":84,"column":16}},{"start":{"line":85,"column":8},"end":{"line":86,"column":16}}],"line":69},"4":{"loc":{"start":{"line":180,"column":12},"end":{"line":277,"column":13}},"type":"switch","locations":[{"start":{"line":181,"column":14},"end":{"line":200,"column":22}},{"start":{"line":201,"column":16},"end":{"line":219,"column":24}},{"start":{"line":220,"column":18},"end":{"line":237,"column":26}},{"start":{"line":238,"column":20},"end":{"line":256,"column":28}},{"start":{"line":257,"column":20},"end":{"line":274,"column":28}},{"start":{"line":275,"column":22},"end":{"line":276,"column":30}}],"line":180}},"s":{"0":5,"1":5,"2":5,"3":0,"4":0,"5":0,"6":0,"7":0,"8":5,"9":2,"10":5,"11":5,"12":5,"13":5,"14":5,"15":5,"16":5,"17":5,"18":5,"19":5,"20":5,"21":5,"22":0,"23":0,"24":0,"25":5,"26":0,"27":0,"28":5,"29":5,"30":0,"31":0,"32":0,"33":0,"34":0,"35":0,"36":0,"37":0,"38":0,"39":0,"40":0,"41":0,"42":0,"43":0,"44":0,"45":0,"46":0,"47":0,"48":0,"49":0,"50":0,"51":5,"52":0,"53":0,"54":0,"55":0,"56":0,"57":0,"58":0,"59":20,"60":0,"61":0,"62":0,"63":0,"64":0,"65":0,"66":5,"67":0,"68":5,"69":0,"70":0,"71":5,"72":0,"73":0,"74":5,"75":0,"76":0,"77":0,"78":0},"f":{"0":5,"1":0,"2":0,"3":2,"4":0,"5":0,"6":0,"7":0,"8":0,"9":0,"10":0,"11":0,"12":20,"13":0,"14":0,"15":0,"16":0,"17":0,"18":0,"19":0},"b":{"0":[0,0],"1":[0,0],"2":[0,0],"3":[0,0,0,0,0,0],"4":[0,0,5,5,5,5]},"_coverageSchema":"1a1c01bbd47fc00a2c39e90264f33305004495a9","hash":"252b92a95b022099aa2dd09f894b167816bd93cf"}
,"/Users/zrendy/HackReactor/Atelier/atelier/src/components/shared/StarRating.js": {"path":"/Users/zrendy/HackReactor/Atelier/atelier/src/components/shared/StarRating.js","statementMap":{"0":{"start":{"line":5,"column":16},"end":{"line":5,"column":42}},"1":{"start":{"line":6,"column":14},"end":{"line":6,"column":35}},"2":{"start":{"line":7,"column":2},"end":{"line":12,"column":3}}},"fnMap":{"0":{"name":"StarRating","decl":{"start":{"line":2,"column":24},"end":{"line":2,"column":34}},"loc":{"start":{"line":2,"column":46},"end":{"line":13,"column":1}},"line":2}},"branchMap":{},"s":{"0":4,"1":4,"2":4},"f":{"0":4},"b":{},"_coverageSchema":"1a1c01bbd47fc00a2c39e90264f33305004495a9","hash":"eb35b1bc39bd8444c6e543adc2c73569c9c6bb2e"}
}
