TN:
SF:src/components/ratings-reviews/RatingsAndReviews.js
FN:7,RatingsAndReviews
FN:13,(anonymous_1)
FN:14,(anonymous_2)
FN:19,(anonymous_3)
FN:31,(anonymous_4)
FN:34,(anonymous_5)
FN:45,(anonymous_6)
FN:49,(anonymous_7)
FN:56,(anonymous_8)
FN:58,(anonymous_9)
FN:59,(anonymous_10)
FNF:11
FNH:4
FNDA:2,RatingsAndReviews
FNDA:0,(anonymous_1)
FNDA:0,(anonymous_2)
FNDA:1,(anonymous_3)
FNDA:1,(anonymous_4)
FNDA:0,(anonymous_5)
FNDA:1,(anonymous_6)
FNDA:0,(anonymous_7)
FNDA:0,(anonymous_8)
FNDA:0,(anonymous_9)
FNDA:0,(anonymous_10)
DA:9,2
DA:12,2
DA:13,2
DA:14,0
DA:17,2
DA:19,2
DA:20,1
DA:30,1
DA:32,1
DA:35,0
DA:37,1
DA:44,1
DA:47,1
DA:50,0
DA:55,2
DA:56,2
DA:57,0
DA:59,0
DA:63,2
LF:19
LH:14
BRDA:65,0,0,2
BRDA:65,0,1,0
BRDA:66,1,0,2
BRDA:66,1,1,0
BRDA:66,1,2,0
BRF:5
BRH:2
end_of_record
TN:
SF:src/components/ratings-reviews/reviewsTestData.js
FNF:0
FNH:0
DA:1,4
DA:79,4
LF:2
LH:2
BRF:0
BRH:0
end_of_record
TN:
SF:src/components/ratings-reviews/components/Ratings.js
FN:4,Ratings
FN:38,(anonymous_1)
FN:50,(anonymous_2)
FNF:3
FNH:3
FNDA:2,Ratings
FNDA:10,(anonymous_1)
FNDA:8,(anonymous_2)
DA:7,2
DA:8,2
DA:9,2
DA:10,10
DA:11,10
DA:12,10
DA:13,10
DA:16,2
DA:21,2
DA:22,2
DA:23,2
DA:26,2
DA:39,10
DA:51,8
LF:14
LH:14
BRF:0
BRH:0
end_of_record
TN:
SF:src/components/ratings-reviews/components/Review.js
FN:5,Review
FN:12,(anonymous_1)
FN:16,(anonymous_2)
FN:32,(anonymous_3)
FN:33,(anonymous_4)
FN:43,(anonymous_5)
FNF:6
FNH:1
FNDA:2,Review
FNDA:0,(anonymous_1)
FNDA:0,(anonymous_2)
FNDA:0,(anonymous_3)
FNDA:0,(anonymous_4)
FNDA:0,(anonymous_5)
DA:6,2
DA:9,2
DA:10,2
DA:12,2
DA:13,0
DA:14,0
DA:16,2
DA:17,0
DA:22,2
DA:33,0
DA:44,0
LF:11
LH:6
BRDA:47,0,0,1
BRDA:47,0,1,1
BRF:2
BRH:2
end_of_record
TN:
SF:src/components/ratings-reviews/components/ReviewsList.js
FN:6,ReviewsList
FN:13,(anonymous_1)
FN:17,(anonymous_2)
FN:25,(anonymous_3)
FN:28,(anonymous_4)
FN:33,(anonymous_5)
FN:34,(anonymous_6)
FN:38,(anonymous_7)
FN:45,(anonymous_8)
FN:48,(anonymous_9)
FN:49,(anonymous_10)
FN:54,(anonymous_11)
FN:55,(anonymous_12)
FN:62,(anonymous_13)
FN:63,(anonymous_14)
FN:67,(anonymous_15)
FN:79,(anonymous_16)
FN:88,(anonymous_17)
FN:94,(anonymous_18)
FNF:19
FNH:5
FNDA:3,ReviewsList
FNDA:0,(anonymous_1)
FNDA:0,(anonymous_2)
FNDA:0,(anonymous_3)
FNDA:0,(anonymous_4)
FNDA:1,(anonymous_5)
FNDA:4,(anonymous_6)
FNDA:9,(anonymous_7)
FNDA:0,(anonymous_8)
FNDA:0,(anonymous_9)
FNDA:0,(anonymous_10)
FNDA:0,(anonymous_11)
FNDA:0,(anonymous_12)
FNDA:0,(anonymous_13)
FNDA:0,(anonymous_14)
FNDA:0,(anonymous_15)
FNDA:0,(anonymous_16)
FNDA:2,(anonymous_17)
FNDA:0,(anonymous_18)
DA:8,3
DA:10,3
DA:11,0
DA:13,3
DA:15,0
DA:16,0
DA:17,0
DA:19,0
DA:24,3
DA:25,3
DA:26,0
DA:28,3
DA:29,0
DA:32,3
DA:33,3
DA:34,1
DA:35,4
DA:36,4
DA:37,4
DA:39,9
DA:41,1
DA:45,3
DA:46,0
DA:48,0
DA:49,0
DA:50,0
DA:52,0
DA:54,0
DA:55,0
DA:56,0
DA:57,0
DA:58,0
DA:60,0
DA:62,0
DA:63,0
DA:64,0
DA:65,0
DA:66,0
DA:68,0
DA:70,0
DA:74,3
DA:80,0
DA:89,2
DA:94,0
LF:44
LH:17
BRDA:10,0,0,0
BRDA:10,0,1,3
BRDA:16,1,0,0
BRDA:16,1,1,0
BRDA:46,2,0,0
BRDA:46,2,1,0
BRDA:46,2,2,0
BRDA:88,3,0,3
BRDA:88,3,1,1
BRDA:93,4,0,1
BRDA:93,4,1,2
BRDA:93,5,0,3
BRDA:93,5,1,1
BRF:13
BRH:7
end_of_record
TN:
SF:src/components/ratings-reviews/components/WriteReview.js
FN:7,WriteReview
FN:13,(anonymous_1)
FN:20,(anonymous_2)
FN:30,(anonymous_3)
FN:48,(anonymous_4)
FN:56,(anonymous_5)
FN:64,(anonymous_6)
FN:102,(anonymous_7)
FN:147,(anonymous_8)
FN:156,(anonymous_9)
FN:164,(anonymous_10)
FN:170,(anonymous_11)
FN:179,(anonymous_12)
FN:184,(anonymous_13)
FN:204,(anonymous_14)
FN:223,(anonymous_15)
FN:241,(anonymous_16)
FN:260,(anonymous_17)
FN:283,(anonymous_18)
FN:290,(anonymous_19)
FNF:20
FNH:3
FNDA:5,WriteReview
FNDA:0,(anonymous_1)
FNDA:0,(anonymous_2)
FNDA:2,(anonymous_3)
FNDA:0,(anonymous_4)
FNDA:0,(anonymous_5)
FNDA:0,(anonymous_6)
FNDA:0,(anonymous_7)
FNDA:0,(anonymous_8)
FNDA:0,(anonymous_9)
FNDA:0,(anonymous_10)
FNDA:0,(anonymous_11)
FNDA:20,(anonymous_12)
FNDA:0,(anonymous_13)
FNDA:0,(anonymous_14)
FNDA:0,(anonymous_15)
FNDA:0,(anonymous_16)
FNDA:0,(anonymous_17)
FNDA:0,(anonymous_18)
FNDA:0,(anonymous_19)
DA:9,5
DA:11,5
DA:13,5
DA:14,0
DA:20,0
DA:21,0
DA:22,0
DA:23,0
DA:30,5
DA:31,2
DA:36,5
DA:37,5
DA:38,5
DA:39,5
DA:40,5
DA:41,5
DA:42,5
DA:43,5
DA:44,5
DA:45,5
DA:46,5
DA:48,5
DA:49,0
DA:50,0
DA:52,0
DA:56,5
DA:57,0
DA:58,0
DA:61,5
DA:64,5
DA:65,0
DA:66,0
DA:67,0
DA:68,0
DA:69,0
DA:71,0
DA:72,0
DA:74,0
DA:75,0
DA:77,0
DA:78,0
DA:80,0
DA:81,0
DA:83,0
DA:84,0
DA:86,0
DA:89,0
DA:100,0
DA:101,0
DA:103,0
DA:104,0
DA:109,5
DA:148,0
DA:149,0
DA:157,0
DA:158,0
DA:164,0
DA:171,0
DA:172,0
DA:180,20
DA:182,0
DA:185,0
DA:200,0
DA:202,0
DA:205,0
DA:219,0
DA:221,5
DA:224,0
DA:239,5
DA:242,0
DA:256,0
DA:258,5
DA:261,0
DA:274,0
DA:276,5
DA:284,0
DA:285,0
DA:291,0
DA:292,0
LF:79
LH:26
BRDA:21,0,0,0
BRDA:21,0,1,0
BRDA:22,1,0,0
BRDA:22,1,1,0
BRDA:49,2,0,0
BRDA:49,2,1,0
BRDA:69,3,0,0
BRDA:69,3,1,0
BRDA:69,3,2,0
BRDA:69,3,3,0
BRDA:69,3,4,0
BRDA:69,3,5,0
BRDA:180,4,0,0
BRDA:180,4,1,0
BRDA:180,4,2,5
BRDA:180,4,3,5
BRDA:180,4,4,5
BRDA:180,4,5,5
BRF:18
BRH:4
end_of_record
TN:
SF:src/components/shared/StarRating.js
FN:2,StarRating
FNF:1
FNH:1
FNDA:4,StarRating
DA:5,4
DA:6,4
DA:7,4
LF:3
LH:3
BRF:0
BRH:0
end_of_record
